<?xml version="1.0" encoding="UTF-8"?>
<!-- Generated by org.testng.reporters.JUnitReportReporter -->
<testsuite skipped="0" hostname="Namratas-MacBook-Pro.local" name="module6.MyPracticeAnnotations" tests="3" failures="0" timestamp="19 Feb 2019 05:13:56 GMT" time="0.006" errors="0">
  <testcase name="ActualTest1" time="0.004" classname="module6.MyPracticeAnnotations"/>
  <testcase name="ActualTest3" time="0.001" classname="module6.MyPracticeAnnotations"/>
  <testcase name="ActualTest2" time="0.001" classname="module6.MyPracticeAnnotations"/>
</testsuite> <!-- module6.MyPracticeAnnotations -->
