<?xml version="1.0" encoding="UTF-8"?>
<!-- Generated by org.testng.reporters.JUnitReportReporter -->
<testsuite skipped="0" hostname="Namratas-MacBook-Pro.local" name="module6.MyNewTest" tests="1" failures="0" timestamp="09 Feb 2019 19:11:02 GMT" time="0.005" errors="0">
  <testcase name="f" time="0.005" classname="module6.MyNewTest"/>
</testsuite> <!-- module6.MyNewTest -->
