<?xml version="1.0" encoding="UTF-8"?>
<!-- Generated by org.testng.reporters.JUnitReportReporter -->
<testsuite skipped="0" hostname="Namratas-MacBook-Pro.local" name="module6.PracticeNewTest" tests="1" failures="0" timestamp="19 Feb 2019 00:22:19 GMT" time="0.004" errors="0">
  <testcase name="f" time="0.004" classname="module6.PracticeNewTest"/>
</testsuite> <!-- module6.PracticeNewTest -->
